<?xml version="1.0" encoding="UTF-8" ?>
<testsuite failures="0" time="0.16" errors="0" skipped="0" tests="4" name="net.ueckerman.order.OrderTest">
  <properties>
[...]
</properties>
  <testcase time="0.02" classname="net.ueckerman.order.OrderTest" name="initialStatusIsNew"/>
  <testcase time="0.003" classname="net.ueckerman.order.OrderTest" name="totalCostReturnsMoneyWhoseValueIsTheSumOfAllProductCosts"/>
  <testcase time="0.09" classname="net.ueckerman.order.OrderTest" name="transitionToStatusEstablishesStatusAsProvidedStatusWhenTransitionIsValid"/>
  <testcase time="0.002" classname="net.ueckerman.order.OrderTest" name="transitionToStatusThrowsIllegalStatusTransitionExceptionWhenTransitionIsInvalid"/>
</testsuite>